build/app/intermediates/manifest_merge_blame_file/release/manifest-merger-blame-release-report.txt
1<?xml version="1.0" encoding="utf-8"?>
2<manifest xmlns:android="http://schemas.android.com/apk/res/android"
3    package="com.codemobiles.my_qrcode"
4    android:versionCode="1"
5    android:versionName="1.0.0" >
6
7    <uses-sdk
8        android:minSdkVersion="18"
8-->src\main\AndroidManifest.xml
9        android:targetSdkVersion="30" />
9-->src\main\AndroidManifest.xml
10
11    <!--
12         io.flutter.app.FlutterApplication is an android.app.Application that
13         calls FlutterMain.startInitialization(this); in its onCreate method.
14         In most cases you can leave this as-is, but you if you want to provide
15         additional functionality it is fine to subclass or reimplement
16         FlutterApplication and put your custom class here.
17    -->
18
19    <uses-permission android:name="android.permission.CAMERA" />
19-->src\main\AndroidManifest.xml:10:5-65
19-->src\main\AndroidManifest.xml:10:22-62
20
21    <application
21-->src\main\AndroidManifest.xml:12:5-47:19
22        android:name="io.flutter.app.FlutterApplication"
22-->src\main\AndroidManifest.xml:13:9-57
23        android:appComponentFactory="androidx.core.app.CoreComponentFactory"
23-->[androidx.core:core:1.1.0] AndroidManifest.xml:24:18-86
24        android:icon="@mipmap/ic_launcher"
24-->src\main\AndroidManifest.xml:15:9-43
25        android:label="my_qrcode" >
25-->src\main\AndroidManifest.xml:14:9-34
26        <activity
26-->src\main\AndroidManifest.xml:16:9-34:20
27            android:name="com.codemobiles.my_qrcode.MainActivity"
27-->src\main\AndroidManifest.xml:17:13-41
28            android:configChanges="orientation|keyboardHidden|keyboard|screenSize|locale|layoutDirection|fontScale|screenLayout|density|uiMode"
28-->src\main\AndroidManifest.xml:20:13-144
29            android:hardwareAccelerated="true"
29-->src\main\AndroidManifest.xml:21:13-47
30            android:launchMode="singleTop"
30-->src\main\AndroidManifest.xml:18:13-43
31            android:theme="@style/LaunchTheme"
31-->src\main\AndroidManifest.xml:19:13-47
32            android:windowSoftInputMode="adjustResize" >
32-->src\main\AndroidManifest.xml:22:13-55
33
34            <!--
35                 This keeps the window background of the activity showing
36                 until Flutter renders its first frame. It can be removed if
37                 there is no splash screen (such as the default splash screen
38                 defined in @style/LaunchTheme).
39            -->
40            <meta-data
40-->src\main\AndroidManifest.xml:27:13-29:40
41                android:name="io.flutter.app.android.SplashScreenUntilFirstFrame"
41-->src\main\AndroidManifest.xml:28:17-82
42                android:value="true" />
42-->src\main\AndroidManifest.xml:29:17-37
43
44            <intent-filter>
44-->src\main\AndroidManifest.xml:30:13-33:29
45                <action android:name="android.intent.action.MAIN" />
45-->src\main\AndroidManifest.xml:31:17-68
45-->src\main\AndroidManifest.xml:31:25-66
46
47                <category android:name="android.intent.category.LAUNCHER" />
47-->src\main\AndroidManifest.xml:32:17-76
47-->src\main\AndroidManifest.xml:32:27-74
48            </intent-filter>
49        </activity>
50
51        <!-- add -->
52        <provider
52-->src\main\AndroidManifest.xml:37:9-45:20
53            android:name="androidx.core.content.FileProvider"
53-->src\main\AndroidManifest.xml:38:13-62
54            android:authorities="th.qrcode/share"
54-->src\main\AndroidManifest.xml:39:13-50
55            android:exported="false"
55-->src\main\AndroidManifest.xml:40:13-37
56            android:grantUriPermissions="true" >
56-->src\main\AndroidManifest.xml:41:13-47
57            <meta-data
57-->src\main\AndroidManifest.xml:42:13-44:54
58                android:name="android.support.FILE_PROVIDER_PATHS"
58-->src\main\AndroidManifest.xml:43:17-67
59                android:resource="@xml/file_paths" />
59-->src\main\AndroidManifest.xml:44:17-51
60        </provider>
61
62        <activity android:name="de.mintware.barcode_scan.BarcodeScannerActivity" />
62-->[:barcode_scan] AndroidManifest.xml:10:9-84
62-->[:barcode_scan] AndroidManifest.xml:10:19-81
63    </application>
64
65</manifest>